execve("/usr/bin/ls", ["ls", "./"], 0x7ffd7c916b78 /* 49 vars */) = 0
brk(NULL)                               = 0x5616ec30d000
arch_prctl(0x3001 /* ARCH_??? */, 0x7ffc00397b60) = -1 EINVAL (Invalid argument)
mmap(NULL, 8192, PROT_READ|PROT_WRITE, MAP_PRIVATE|MAP_ANONYMOUS, -1, 0) = 0x7f5ede859000
access("/etc/ld.so.preload", R_OK)      = -1 ENOENT (No such file or directory)
openat(AT_FDCWD, "/etc/ld.so.cache", O_RDONLY|O_CLOEXEC) = 3
newfstatat(3, "", {st_mode=S_IFREG|0644, st_size=48231, ...}, AT_EMPTY_PATH) = 0
mmap(NULL, 48231, PROT_READ, MAP_PRIVATE, 3, 0) = 0x7f5ede84d000
close(3)                                = 0
openat(AT_FDCWD, "/lib/x86_64-linux-gnu/libselinux.so.1", O_RDONLY|O_CLOEXEC) = 3
read(3, "\177ELF\2\1\1\0\0\0\0\0\0\0\0\0\3\0>\0\1\0\0\0\0\0\0\0\0\0\0\0"..., 832) = 832
newfstatat(3, "", {st_mode=S_IFREG|0644, st_size=166280, ...}, AT_EMPTY_PATH) = 0
mmap(NULL, 177672, PROT_READ, MAP_PRIVATE|MAP_DENYWRITE, 3, 0) = 0x7f5ede821000
mprotect(0x7f5ede827000, 139264, PROT_NONE) = 0
mmap(0x7f5ede827000, 106496, PROT_READ|PROT_EXEC, MAP_PRIVATE|MAP_FIXED|MAP_DENYWRITE, 3, 0x6000) = 0x7f5ede827000
mmap(0x7f5ede841000, 28672, PROT_READ, MAP_PRIVATE|MAP_FIXED|MAP_DENYWRITE, 3, 0x20000) = 0x7f5ede841000
mmap(0x7f5ede849000, 8192, PROT_READ|PROT_WRITE, MAP_PRIVATE|MAP_FIXED|MAP_DENYWRITE, 3, 0x27000) = 0x7f5ede849000
mmap(0x7f5ede84b000, 5640, PROT_READ|PROT_WRITE, MAP_PRIVATE|MAP_FIXED|MAP_ANONYMOUS, -1, 0) = 0x7f5ede84b000
close(3)                                = 0
openat(AT_FDCWD, "/lib/x86_64-linux-gnu/libc.so.6", O_RDONLY|O_CLOEXEC) = 3
read(3, "\177ELF\2\1\1\3\0\0\0\0\0\0\0\0\3\0>\0\1\0\0\0P\237\2\0\0\0\0\0"..., 832) = 832
pread64(3, "\6\0\0\0\4\0\0\0@\0\0\0\0\0\0\0@\0\0\0\0\0\0\0@\0\0\0\0\0\0\0"..., 784, 64) = 784
pread64(3, "\4\0\0\0 \0\0\0\5\0\0\0GNU\0\2\0\0\300\4\0\0\0\3\0\0\0\0\0\0\0"..., 48, 848) = 48
pread64(3, "\4\0\0\0\24\0\0\0\3\0\0\0GNU\0\302\211\332Pq\2439\235\350\223\322\257\201\326\243\f"..., 68, 896) = 68
newfstatat(3, "", {st_mode=S_IFREG|0755, st_size=2220400, ...}, AT_EMPTY_PATH) = 0
pread64(3, "\6\0\0\0\4\0\0\0@\0\0\0\0\0\0\0@\0\0\0\0\0\0\0@\0\0\0\0\0\0\0"..., 784, 64) = 784
mmap(NULL, 2264656, PROT_READ, MAP_PRIVATE|MAP_DENYWRITE, 3, 0) = 0x7f5ede5f8000
mprotect(0x7f5ede620000, 2023424, PROT_NONE) = 0
mmap(0x7f5ede620000, 1658880, PROT_READ|PROT_EXEC, MAP_PRIVATE|MAP_FIXED|MAP_DENYWRITE, 3, 0x28000) = 0x7f5ede620000
mmap(0x7f5ede7b5000, 360448, PROT_READ, MAP_PRIVATE|MAP_FIXED|MAP_DENYWRITE, 3, 0x1bd000) = 0x7f5ede7b5000
mmap(0x7f5ede80e000, 24576, PROT_READ|PROT_WRITE, MAP_PRIVATE|MAP_FIXED|MAP_DENYWRITE, 3, 0x215000) = 0x7f5ede80e000
mmap(0x7f5ede814000, 52816, PROT_READ|PROT_WRITE, MAP_PRIVATE|MAP_FIXED|MAP_ANONYMOUS, -1, 0) = 0x7f5ede814000
close(3)                                = 0
openat(AT_FDCWD, "/lib/x86_64-linux-gnu/libpcre2-8.so.0", O_RDONLY|O_CLOEXEC) = 3
read(3, "\177ELF\2\1\1\0\0\0\0\0\0\0\0\0\3\0>\0\1\0\0\0\0\0\0\0\0\0\0\0"..., 832) = 832
newfstatat(3, "", {st_mode=S_IFREG|0644, st_size=613064, ...}, AT_EMPTY_PATH) = 0
mmap(NULL, 615184, PROT_READ, MAP_PRIVATE|MAP_DENYWRITE, 3, 0) = 0x7f5ede561000
mmap(0x7f5ede563000, 438272, PROT_READ|PROT_EXEC, MAP_PRIVATE|MAP_FIXED|MAP_DENYWRITE, 3, 0x2000) = 0x7f5ede563000
mmap(0x7f5ede5ce000, 163840, PROT_READ, MAP_PRIVATE|MAP_FIXED|MAP_DENYWRITE, 3, 0x6d000) = 0x7f5ede5ce000
mmap(0x7f5ede5f6000, 8192, PROT_READ|PROT_WRITE, MAP_PRIVATE|MAP_FIXED|MAP_DENYWRITE, 3, 0x94000) = 0x7f5ede5f6000
close(3)                                = 0
mmap(NULL, 12288, PROT_READ|PROT_WRITE, MAP_PRIVATE|MAP_ANONYMOUS, -1, 0) = 0x7f5ede55e000
arch_prctl(ARCH_SET_FS, 0x7f5ede55e800) = 0
set_tid_address(0x7f5ede55ead0)         = 66516
set_robust_list(0x7f5ede55eae0, 24)     = 0
rseq(0x7f5ede55f1a0, 0x20, 0, 0x53053053) = 0
mprotect(0x7f5ede80e000, 16384, PROT_READ) = 0
mprotect(0x7f5ede5f6000, 4096, PROT_READ) = 0
mprotect(0x7f5ede849000, 4096, PROT_READ) = 0
mprotect(0x5616ebe5f000, 8192, PROT_READ) = 0
mprotect(0x7f5ede893000, 8192, PROT_READ) = 0
prlimit64(0, RLIMIT_STACK, NULL, {rlim_cur=8192*1024, rlim_max=RLIM64_INFINITY}) = 0
munmap(0x7f5ede84d000, 48231)           = 0
statfs("/sys/fs/selinux", 0x7ffc00397ba0) = -1 ENOENT (No such file or directory)
statfs("/selinux", 0x7ffc00397ba0)      = -1 ENOENT (No such file or directory)
getrandom("\xb3\xdd\x8c\x9d\x5f\xb4\x67\x61", 8, GRND_NONBLOCK) = 8
brk(NULL)                               = 0x5616ec30d000
brk(0x5616ec32e000)                     = 0x5616ec32e000
openat(AT_FDCWD, "/proc/filesystems", O_RDONLY|O_CLOEXEC) = 3
newfstatat(3, "", {st_mode=S_IFREG|0444, st_size=0, ...}, AT_EMPTY_PATH) = 0
read(3, "nodev\tsysfs\nnodev\ttmpfs\nnodev\tbd"..., 1024) = 478
read(3, "", 1024)                       = 0
close(3)                                = 0
access("/etc/selinux/config", F_OK)     = -1 ENOENT (No such file or directory)
openat(AT_FDCWD, "/usr/lib/locale/locale-archive", O_RDONLY|O_CLOEXEC) = -1 ENOENT (No such file or directory)
openat(AT_FDCWD, "/usr/share/locale/locale.alias", O_RDONLY|O_CLOEXEC) = 3
newfstatat(3, "", {st_mode=S_IFREG|0644, st_size=2996, ...}, AT_EMPTY_PATH) = 0
read(3, "# Locale name alias data base.\n#"..., 4096) = 2996
read(3, "", 4096)                       = 0
close(3)                                = 0
openat(AT_FDCWD, "/usr/lib/locale/C.UTF-8/LC_IDENTIFICATION", O_RDONLY|O_CLOEXEC) = -1 ENOENT (No such file or directory)
openat(AT_FDCWD, "/usr/lib/locale/C.utf8/LC_IDENTIFICATION", O_RDONLY|O_CLOEXEC) = 3
newfstatat(3, "", {st_mode=S_IFREG|0644, st_size=258, ...}, AT_EMPTY_PATH) = 0
mmap(NULL, 258, PROT_READ, MAP_PRIVATE, 3, 0) = 0x7f5ede892000
close(3)                                = 0
openat(AT_FDCWD, "/usr/lib/x86_64-linux-gnu/gconv/gconv-modules.cache", O_RDONLY) = 3
newfstatat(3, "", {st_mode=S_IFREG|0644, st_size=27002, ...}, AT_EMPTY_PATH) = 0
mmap(NULL, 27002, PROT_READ, MAP_SHARED, 3, 0) = 0x7f5ede852000
close(3)                                = 0
futex(0x7f5ede813a6c, FUTEX_WAKE_PRIVATE, 2147483647) = 0
openat(AT_FDCWD, "/usr/lib/locale/C.UTF-8/LC_MEASUREMENT", O_RDONLY|O_CLOEXEC) = -1 ENOENT (No such file or directory)
openat(AT_FDCWD, "/usr/lib/locale/C.utf8/LC_MEASUREMENT", O_RDONLY|O_CLOEXEC) = 3
newfstatat(3, "", {st_mode=S_IFREG|0644, st_size=23, ...}, AT_EMPTY_PATH) = 0
mmap(NULL, 23, PROT_READ, MAP_PRIVATE, 3, 0) = 0x7f5ede851000
close(3)                                = 0
openat(AT_FDCWD, "/usr/lib/locale/C.UTF-8/LC_TELEPHONE", O_RDONLY|O_CLOEXEC) = -1 ENOENT (No such file or directory)
openat(AT_FDCWD, "/usr/lib/locale/C.utf8/LC_TELEPHONE", O_RDONLY|O_CLOEXEC) = 3
newfstatat(3, "", {st_mode=S_IFREG|0644, st_size=47, ...}, AT_EMPTY_PATH) = 0
mmap(NULL, 47, PROT_READ, MAP_PRIVATE, 3, 0) = 0x7f5ede850000
close(3)                                = 0
openat(AT_FDCWD, "/usr/lib/locale/C.UTF-8/LC_ADDRESS", O_RDONLY|O_CLOEXEC) = -1 ENOENT (No such file or directory)
openat(AT_FDCWD, "/usr/lib/locale/C.utf8/LC_ADDRESS", O_RDONLY|O_CLOEXEC) = 3
newfstatat(3, "", {st_mode=S_IFREG|0644, st_size=127, ...}, AT_EMPTY_PATH) = 0
mmap(NULL, 127, PROT_READ, MAP_PRIVATE, 3, 0) = 0x7f5ede84f000
close(3)                                = 0
openat(AT_FDCWD, "/usr/lib/locale/C.UTF-8/LC_NAME", O_RDONLY|O_CLOEXEC) = -1 ENOENT (No such file or directory)
openat(AT_FDCWD, "/usr/lib/locale/C.utf8/LC_NAME", O_RDONLY|O_CLOEXEC) = 3
newfstatat(3, "", {st_mode=S_IFREG|0644, st_size=62, ...}, AT_EMPTY_PATH) = 0
mmap(NULL, 62, PROT_READ, MAP_PRIVATE, 3, 0) = 0x7f5ede84e000
close(3)                                = 0
openat(AT_FDCWD, "/usr/lib/locale/C.UTF-8/LC_PAPER", O_RDONLY|O_CLOEXEC) = -1 ENOENT (No such file or directory)
openat(AT_FDCWD, "/usr/lib/locale/C.utf8/LC_PAPER", O_RDONLY|O_CLOEXEC) = 3
newfstatat(3, "", {st_mode=S_IFREG|0644, st_size=34, ...}, AT_EMPTY_PATH) = 0
mmap(NULL, 34, PROT_READ, MAP_PRIVATE, 3, 0) = 0x7f5ede84d000
close(3)                                = 0
openat(AT_FDCWD, "/usr/lib/locale/C.UTF-8/LC_MESSAGES", O_RDONLY|O_CLOEXEC) = -1 ENOENT (No such file or directory)
openat(AT_FDCWD, "/usr/lib/locale/C.utf8/LC_MESSAGES", O_RDONLY|O_CLOEXEC) = 3
newfstatat(3, "", {st_mode=S_IFDIR|0755, st_size=4096, ...}, AT_EMPTY_PATH) = 0
close(3)                                = 0
openat(AT_FDCWD, "/usr/lib/locale/C.utf8/LC_MESSAGES/SYS_LC_MESSAGES", O_RDONLY|O_CLOEXEC) = 3
newfstatat(3, "", {st_mode=S_IFREG|0644, st_size=48, ...}, AT_EMPTY_PATH) = 0
mmap(NULL, 48, PROT_READ, MAP_PRIVATE, 3, 0) = 0x7f5ede55d000
close(3)                                = 0
openat(AT_FDCWD, "/usr/lib/locale/C.UTF-8/LC_MONETARY", O_RDONLY|O_CLOEXEC) = -1 ENOENT (No such file or directory)
openat(AT_FDCWD, "/usr/lib/locale/C.utf8/LC_MONETARY", O_RDONLY|O_CLOEXEC) = 3
newfstatat(3, "", {st_mode=S_IFREG|0644, st_size=270, ...}, AT_EMPTY_PATH) = 0
mmap(NULL, 270, PROT_READ, MAP_PRIVATE, 3, 0) = 0x7f5ede55c000
close(3)                                = 0
openat(AT_FDCWD, "/usr/lib/locale/C.UTF-8/LC_COLLATE", O_RDONLY|O_CLOEXEC) = -1 ENOENT (No such file or directory)
openat(AT_FDCWD, "/usr/lib/locale/C.utf8/LC_COLLATE", O_RDONLY|O_CLOEXEC) = 3
newfstatat(3, "", {st_mode=S_IFREG|0644, st_size=1406, ...}, AT_EMPTY_PATH) = 0
mmap(NULL, 1406, PROT_READ, MAP_PRIVATE, 3, 0) = 0x7f5ede55b000
close(3)                                = 0
openat(AT_FDCWD, "/usr/lib/locale/C.UTF-8/LC_TIME", O_RDONLY|O_CLOEXEC) = -1 ENOENT (No such file or directory)
openat(AT_FDCWD, "/usr/lib/locale/C.utf8/LC_TIME", O_RDONLY|O_CLOEXEC) = 3
newfstatat(3, "", {st_mode=S_IFREG|0644, st_size=3360, ...}, AT_EMPTY_PATH) = 0
mmap(NULL, 3360, PROT_READ, MAP_PRIVATE, 3, 0) = 0x7f5ede55a000
close(3)                                = 0
openat(AT_FDCWD, "/usr/lib/locale/C.UTF-8/LC_NUMERIC", O_RDONLY|O_CLOEXEC) = -1 ENOENT (No such file or directory)
openat(AT_FDCWD, "/usr/lib/locale/C.utf8/LC_NUMERIC", O_RDONLY|O_CLOEXEC) = 3
newfstatat(3, "", {st_mode=S_IFREG|0644, st_size=50, ...}, AT_EMPTY_PATH) = 0
mmap(NULL, 50, PROT_READ, MAP_PRIVATE, 3, 0) = 0x7f5ede559000
close(3)                                = 0
openat(AT_FDCWD, "/usr/lib/locale/C.UTF-8/LC_CTYPE", O_RDONLY|O_CLOEXEC) = -1 ENOENT (No such file or directory)
openat(AT_FDCWD, "/usr/lib/locale/C.utf8/LC_CTYPE", O_RDONLY|O_CLOEXEC) = 3
newfstatat(3, "", {st_mode=S_IFREG|0644, st_size=353616, ...}, AT_EMPTY_PATH) = 0
mmap(NULL, 353616, PROT_READ, MAP_PRIVATE, 3, 0) = 0x7f5ede502000
close(3)                                = 0
ioctl(1, TCGETS, 0x7ffc00397ad0)        = -1 ENOTTY (Inappropriate ioctl for device)
ioctl(1, TIOCGWINSZ, 0x7ffc00397bc0)    = -1 ENOTTY (Inappropriate ioctl for device)
statx(AT_FDCWD, "./", AT_STATX_SYNC_AS_STAT, STATX_MODE, {stx_mask=STATX_BASIC_STATS|STATX_MNT_ID, stx_attributes=0, stx_mode=S_IFDIR|0755, stx_size=4096, ...}) = 0
openat(AT_FDCWD, "./", O_RDONLY|O_NONBLOCK|O_CLOEXEC|O_DIRECTORY) = 3
newfstatat(3, "", {st_mode=S_IFDIR|0755, st_size=4096, ...}, AT_EMPTY_PATH) = 0
getdents64(3, 0x5616ec3164f0 /* 11 entries */, 32768) = 336
getdents64(3, 0x5616ec3164f0 /* 0 entries */, 32768) = 0
close(3)                                = 0
newfstatat(1, "", {st_mode=S_IFIFO|0600, st_size=0, ...}, AT_EMPTY_PATH) = 0
write(1, "Makefile\nREADME.md\nhello.c\nhello"..., 83) = -1 EPIPE (Broken pipe)
--- SIGPIPE {si_signo=SIGPIPE, si_code=SI_USER, si_pid=66516, si_uid=1000} ---
+++ killed by SIGPIPE +++
